# JRE version: Java(TM) SE Runtime Environment (8.0_151-b12) (build 1.8.0_151-b12)
# Java VM: Java HotSpot(TM) 64-Bit Server VM (25.151-b12 mixed mode windows-amd64 compressed oops)
Heap:
 PSYoungGen      total 555008K, used 10321K [0x00000000d5d80000, 0x00000000fa080000, 0x0000000100000000)
  eden space 520192K, 1% used [0x00000000d5d80000,0x00000000d67946d8,0x00000000f5980000)
  from space 34816K, 0% used [0x00000000f7e80000,0x00000000f7e80000,0x00000000fa080000)
  to   space 36352K, 0% used [0x00000000f5980000,0x00000000f5980000,0x00000000f7d00000)
 ParOldGen       total 65536K, used 12494K [0x0000000081800000, 0x0000000085800000, 0x00000000d5d80000)
  object space 65536K, 19% used [0x0000000081800000,0x0000000082433bc0,0x0000000085800000)
 Metaspace       used 21383K, capacity 21522K, committed 21808K, reserved 1069056K
  class space    used 2627K, capacity 2672K, committed 2688K, reserved 1048576K
GC Heap History (10 events):
Event: 35.201 GC heap before
{Heap before GC invocations=5 (full 0):
 PSYoungGen      total 138240K, used 138224K [0x00000000d5d80000, 0x00000000de980000, 0x0000000100000000)
  eden space 133120K, 100% used [0x00000000d5d80000,0x00000000ddf80000,0x00000000ddf80000)
  from space 5120K, 99% used [0x00000000de480000,0x00000000de97c130,0x00000000de980000)
  to   space 5120K, 0% used [0x00000000ddf80000,0x00000000ddf80000,0x00000000de480000)
 ParOldGen       total 87552K, used 8399K [0x0000000081800000, 0x0000000086d80000, 0x00000000d5d80000)
  object space 87552K, 9% used [0x0000000081800000,0x0000000082033f78,0x0000000086d80000)
 Metaspace       used 20327K, capacity 20460K, committed 20608K, reserved 1067008K
  class space    used 2504K, capacity 2575K, committed 2688K, reserved 1048576K
Event: 35.290 GC heap after
Heap after GC invocations=5 (full 0):
 PSYoungGen      total 138240K, used 5091K [0x00000000d5d80000, 0x00000000e8980000, 0x0000000100000000)
  eden space 133120K, 0% used [0x00000000d5d80000,0x00000000d5d80000,0x00000000ddf80000)
  from space 5120K, 99% used [0x00000000ddf80000,0x00000000de478f10,0x00000000de480000)
  to   space 20480K, 0% used [0x00000000e7580000,0x00000000e7580000,0x00000000e8980000)
 ParOldGen       total 87552K, used 24455K [0x0000000081800000, 0x0000000086d80000, 0x00000000d5d80000)
  object space 87552K, 27% used [0x0000000081800000,0x0000000082fe1cd0,0x0000000086d80000)
 Metaspace       used 20327K, capacity 20460K, committed 20608K, reserved 1067008K
  class space    used 2504K, capacity 2575K, committed 2688K, reserved 1048576K
}
Event: 37.157 GC heap before
{Heap before GC invocations=6 (full 0):
 PSYoungGen      total 138240K, used 138211K [0x00000000d5d80000, 0x00000000e8980000, 0x0000000100000000)
  eden space 133120K, 100% used [0x00000000d5d80000,0x00000000ddf80000,0x00000000ddf80000)
  from space 5120K, 99% used [0x00000000ddf80000,0x00000000de478f10,0x00000000de480000)
  to   space 20480K, 0% used [0x00000000e7580000,0x00000000e7580000,0x00000000e8980000)
 ParOldGen       total 87552K, used 24455K [0x0000000081800000, 0x0000000086d80000, 0x00000000d5d80000)
  object space 87552K, 27% used [0x0000000081800000,0x0000000082fe1cd0,0x0000000086d80000)
 Metaspace       used 20327K, capacity 20460K, committed 20608K, reserved 1067008K
  class space    used 2504K, capacity 2575K, committed 2688K, reserved 1048576K
Event: 37.236 GC heap after
Heap after GC invocations=6 (full 0):
 PSYoungGen      total 280576K, used 20464K [0x00000000d5d80000, 0x00000000e9580000, 0x0000000100000000)
  eden space 260096K, 0% used [0x00000000d5d80000,0x00000000d5d80000,0x00000000e5b80000)
  from space 20480K, 99% used [0x00000000e7580000,0x00000000e897c3c0,0x00000000e8980000)
  to   space 26624K, 0% used [0x00000000e5b80000,0x00000000e5b80000,0x00000000e7580000)
 ParOldGen       total 87552K, used 26858K [0x0000000081800000, 0x0000000086d80000, 0x00000000d5d80000)
  object space 87552K, 30% used [0x0000000081800000,0x000000008323a800,0x0000000086d80000)
 Metaspace       used 20327K, capacity 20460K, committed 20608K, reserved 1067008K
  class space    used 2504K, capacity 2575K, committed 2688K, reserved 1048576K
}
Event: 42.834 GC heap before
{Heap before GC invocations=7 (full 0):
 PSYoungGen      total 280576K, used 280560K [0x00000000d5d80000, 0x00000000e9580000, 0x0000000100000000)
  eden space 260096K, 100% used [0x00000000d5d80000,0x00000000e5b80000,0x00000000e5b80000)
  from space 20480K, 99% used [0x00000000e7580000,0x00000000e897c3c0,0x00000000e8980000)
  to   space 26624K, 0% used [0x00000000e5b80000,0x00000000e5b80000,0x00000000e7580000)
 ParOldGen       total 87552K, used 26858K [0x0000000081800000, 0x0000000086d80000, 0x00000000d5d80000)
  object space 87552K, 30% used [0x0000000081800000,0x000000008323a800,0x0000000086d80000)
 Metaspace       used 20329K, capacity 20460K, committed 20608K, reserved 1067008K
  class space    used 2505K, capacity 2575K, committed 2688K, reserved 1048576K
Event: 43.016 GC heap after
Heap after GC invocations=7 (full 0):
 PSYoungGen      total 286720K, used 26617K [0x00000000d5d80000, 0x00000000fa380000, 0x0000000100000000)
  eden space 260096K, 0% used [0x00000000d5d80000,0x00000000d5d80000,0x00000000e5b80000)
  from space 26624K, 99% used [0x00000000e5b80000,0x00000000e757e6b8,0x00000000e7580000)
  to   space 37888K, 0% used [0x00000000f7e80000,0x00000000f7e80000,0x00000000fa380000)
 ParOldGen       total 87552K, used 39165K [0x0000000081800000, 0x0000000086d80000, 0x00000000d5d80000)
  object space 87552K, 44% used [0x0000000081800000,0x0000000083e3f758,0x0000000086d80000)
 Metaspace       used 20329K, capacity 20460K, committed 20608K, reserved 1067008K
  class space    used 2505K, capacity 2575K, committed 2688K, reserved 1048576K
}
Event: 44.627 GC heap before
{Heap before GC invocations=8 (full 0):
 PSYoungGen      total 286720K, used 114880K [0x00000000d5d80000, 0x00000000fa380000, 0x0000000100000000)
  eden space 260096K, 33% used [0x00000000d5d80000,0x00000000db3b1c70,0x00000000e5b80000)
  from space 26624K, 99% used [0x00000000e5b80000,0x00000000e757e6b8,0x00000000e7580000)
  to   space 37888K, 0% used [0x00000000f7e80000,0x00000000f7e80000,0x00000000fa380000)
 ParOldGen       total 87552K, used 39165K [0x0000000081800000, 0x0000000086d80000, 0x00000000d5d80000)
  object space 87552K, 44% used [0x0000000081800000,0x0000000083e3f758,0x0000000086d80000)
 Metaspace       used 21074K, capacity 21170K, committed 21296K, reserved 1069056K
  class space    used 2590K, capacity 2640K, committed 2688K, reserved 1048576K
Event: 44.677 GC heap after
Heap after GC invocations=8 (full 0):
 PSYoungGen      total 555008K, used 10701K [0x00000000d5d80000, 0x00000000fa080000, 0x0000000100000000)
  eden space 520192K, 0% used [0x00000000d5d80000,0x00000000d5d80000,0x00000000f5980000)
  from space 34816K, 30% used [0x00000000f7e80000,0x00000000f88f34f8,0x00000000fa080000)
  to   space 36352K, 0% used [0x00000000f5980000,0x00000000f5980000,0x00000000f7d00000)
 ParOldGen       total 87552K, used 40803K [0x0000000081800000, 0x0000000086d80000, 0x00000000d5d80000)
  object space 87552K, 46% used [0x0000000081800000,0x0000000083fd8f28,0x0000000086d80000)
 Metaspace       used 21074K, capacity 21170K, committed 21296K, reserved 1069056K
  class space    used 2590K, capacity 2640K, committed 2688K, reserved 1048576K
}
Event: 44.677 GC heap before
{Heap before GC invocations=9 (full 1):
 PSYoungGen      total 555008K, used 10701K [0x00000000d5d80000, 0x00000000fa080000, 0x0000000100000000)
  eden space 520192K, 0% used [0x00000000d5d80000,0x00000000d5d80000,0x00000000f5980000)
  from space 34816K, 30% used [0x00000000f7e80000,0x00000000f88f34f8,0x00000000fa080000)
  to   space 36352K, 0% used [0x00000000f5980000,0x00000000f5980000,0x00000000f7d00000)
 ParOldGen       total 87552K, used 40803K [0x0000000081800000, 0x0000000086d80000, 0x00000000d5d80000)
  object space 87552K, 46% used [0x0000000081800000,0x0000000083fd8f28,0x0000000086d80000)
 Metaspace       used 21074K, capacity 21170K, committed 21296K, reserved 1069056K
  class space    used 2590K, capacity 2640K, committed 2688K, reserved 1048576K
Event: 44.794 GC heap after
Heap after GC invocations=9 (full 1):
 PSYoungGen      total 555008K, used 0K [0x00000000d5d80000, 0x00000000fa080000, 0x0000000100000000)
  eden space 520192K, 0% used [0x00000000d5d80000,0x00000000d5d80000,0x00000000f5980000)
  from space 34816K, 0% used [0x00000000f7e80000,0x00000000f7e80000,0x00000000fa080000)
  to   space 36352K, 0% used [0x00000000f5980000,0x00000000f5980000,0x00000000f7d00000)
 ParOldGen       total 65536K, used 12494K [0x0000000081800000, 0x0000000085800000, 0x00000000d5d80000)
  object space 65536K, 19% used [0x0000000081800000,0x0000000082433bc0,0x0000000085800000)
 Metaspace       used 21074K, capacity 21170K, committed 21296K, reserved 1069056K
  class space    used 2590K, capacity 2640K, committed 2688K, reserved 1048576K
}

