# JRE version: Java(TM) SE Runtime Environment (8.0_151-b12) (build 1.8.0_151-b12)
# Java VM: Java HotSpot(TM) 64-Bit Server VM (25.151-b12 mixed mode windows-amd64 compressed oops)
Heap:
 PSYoungGen      total 453120K, used 8330K [0x00000000d5d80000, 0x00000000f3b80000, 0x0000000100000000)
  eden space 418304K, 1% used [0x00000000d5d80000,0x00000000d65a2ab0,0x00000000ef600000)
  from space 34816K, 0% used [0x00000000f1880000,0x00000000f1880000,0x00000000f3a80000)
  to   space 35328K, 0% used [0x00000000ef600000,0x00000000ef600000,0x00000000f1880000)
 ParOldGen       total 53760K, used 4876K [0x0000000081800000, 0x0000000084c80000, 0x00000000d5d80000)
  object space 53760K, 9% used [0x0000000081800000,0x0000000081cc33f0,0x0000000084c80000)
 Metaspace       used 21264K, capacity 21454K, committed 21552K, reserved 1069056K
  class space    used 2614K, capacity 2672K, committed 2688K, reserved 1048576K
GC Heap History (10 events):
Event: 23.187 GC heap before
{Heap before GC invocations=7 (full 0):
 PSYoungGen      total 151040K, used 146245K [0x00000000d5d80000, 0x00000000e0680000, 0x0000000100000000)
  eden space 132096K, 100% used [0x00000000d5d80000,0x00000000dde80000,0x00000000dde80000)
  from space 18944K, 74% used [0x00000000df200000,0x00000000dffd1760,0x00000000e0480000)
  to   space 19968K, 0% used [0x00000000dde80000,0x00000000dde80000,0x00000000df200000)
 ParOldGen       total 87552K, used 22100K [0x0000000081800000, 0x0000000086d80000, 0x00000000d5d80000)
  object space 87552K, 25% used [0x0000000081800000,0x0000000082d950e8,0x0000000086d80000)
 Metaspace       used 20215K, capacity 20392K, committed 20608K, reserved 1067008K
  class space    used 2491K, capacity 2575K, committed 2688K, reserved 1048576K
Event: 23.277 GC heap after
Heap after GC invocations=7 (full 0):
 PSYoungGen      total 152064K, used 19957K [0x00000000d5d80000, 0x00000000e8f80000, 0x0000000100000000)
  eden space 132096K, 0% used [0x00000000d5d80000,0x00000000d5d80000,0x00000000dde80000)
  from space 19968K, 99% used [0x00000000dde80000,0x00000000df1fd570,0x00000000df200000)
  to   space 24576K, 0% used [0x00000000e7780000,0x00000000e7780000,0x00000000e8f80000)
 ParOldGen       total 87552K, used 24434K [0x0000000081800000, 0x0000000086d80000, 0x00000000d5d80000)
  object space 87552K, 27% used [0x0000000081800000,0x0000000082fdca98,0x0000000086d80000)
 Metaspace       used 20215K, capacity 20392K, committed 20608K, reserved 1067008K
  class space    used 2491K, capacity 2575K, committed 2688K, reserved 1048576K
}
Event: 24.612 GC heap before
{Heap before GC invocations=8 (full 0):
 PSYoungGen      total 152064K, used 152053K [0x00000000d5d80000, 0x00000000e8f80000, 0x0000000100000000)
  eden space 132096K, 100% used [0x00000000d5d80000,0x00000000dde80000,0x00000000dde80000)
  from space 19968K, 99% used [0x00000000dde80000,0x00000000df1fd570,0x00000000df200000)
  to   space 24576K, 0% used [0x00000000e7780000,0x00000000e7780000,0x00000000e8f80000)
 ParOldGen       total 87552K, used 24434K [0x0000000081800000, 0x0000000086d80000, 0x00000000d5d80000)
  object space 87552K, 27% used [0x0000000081800000,0x0000000082fdca98,0x0000000086d80000)
 Metaspace       used 20215K, capacity 20392K, committed 20608K, reserved 1067008K
  class space    used 2491K, capacity 2575K, committed 2688K, reserved 1048576K
Event: 24.685 GC heap after
Heap after GC invocations=8 (full 0):
 PSYoungGen      total 286208K, used 20822K [0x00000000d5d80000, 0x00000000e9480000, 0x0000000100000000)
  eden space 261632K, 0% used [0x00000000d5d80000,0x00000000d5d80000,0x00000000e5d00000)
  from space 24576K, 84% used [0x00000000e7780000,0x00000000e8bd5958,0x00000000e8f80000)
  to   space 27136K, 0% used [0x00000000e5d00000,0x00000000e5d00000,0x00000000e7780000)
 ParOldGen       total 87552K, used 25387K [0x0000000081800000, 0x0000000086d80000, 0x00000000d5d80000)
  object space 87552K, 28% used [0x0000000081800000,0x00000000830cac08,0x0000000086d80000)
 Metaspace       used 20215K, capacity 20392K, committed 20608K, reserved 1067008K
  class space    used 2491K, capacity 2575K, committed 2688K, reserved 1048576K
}
Event: 28.244 GC heap before
{Heap before GC invocations=9 (full 0):
 PSYoungGen      total 286208K, used 282454K [0x00000000d5d80000, 0x00000000e9480000, 0x0000000100000000)
  eden space 261632K, 100% used [0x00000000d5d80000,0x00000000e5d00000,0x00000000e5d00000)
  from space 24576K, 84% used [0x00000000e7780000,0x00000000e8bd5958,0x00000000e8f80000)
  to   space 27136K, 0% used [0x00000000e5d00000,0x00000000e5d00000,0x00000000e7780000)
 ParOldGen       total 87552K, used 25387K [0x0000000081800000, 0x0000000086d80000, 0x00000000d5d80000)
  object space 87552K, 28% used [0x0000000081800000,0x00000000830cac08,0x0000000086d80000)
 Metaspace       used 20228K, capacity 20392K, committed 20608K, reserved 1067008K
  class space    used 2491K, capacity 2575K, committed 2688K, reserved 1048576K
Event: 28.397 GC heap after
Heap after GC invocations=9 (full 0):
 PSYoungGen      total 288768K, used 27104K [0x00000000d5d80000, 0x00000000f3a80000, 0x0000000100000000)
  eden space 261632K, 0% used [0x00000000d5d80000,0x00000000d5d80000,0x00000000e5d00000)
  from space 27136K, 99% used [0x00000000e5d00000,0x00000000e7778360,0x00000000e7780000)
  to   space 34816K, 0% used [0x00000000f1880000,0x00000000f1880000,0x00000000f3a80000)
 ParOldGen       total 87552K, used 34183K [0x0000000081800000, 0x0000000086d80000, 0x00000000d5d80000)
  object space 87552K, 39% used [0x0000000081800000,0x0000000083961fe0,0x0000000086d80000)
 Metaspace       used 20228K, capacity 20392K, committed 20608K, reserved 1067008K
  class space    used 2491K, capacity 2575K, committed 2688K, reserved 1048576K
}
Event: 29.083 GC heap before
{Heap before GC invocations=10 (full 0):
 PSYoungGen      total 288768K, used 43040K [0x00000000d5d80000, 0x00000000f3a80000, 0x0000000100000000)
  eden space 261632K, 6% used [0x00000000d5d80000,0x00000000d6d0fce0,0x00000000e5d00000)
  from space 27136K, 99% used [0x00000000e5d00000,0x00000000e7778360,0x00000000e7780000)
  to   space 34816K, 0% used [0x00000000f1880000,0x00000000f1880000,0x00000000f3a80000)
 ParOldGen       total 87552K, used 34183K [0x0000000081800000, 0x0000000086d80000, 0x00000000d5d80000)
  object space 87552K, 39% used [0x0000000081800000,0x0000000083961fe0,0x0000000086d80000)
 Metaspace       used 21027K, capacity 21166K, committed 21296K, reserved 1069056K
  class space    used 2582K, capacity 2640K, committed 2688K, reserved 1048576K
Event: 29.102 GC heap after
Heap after GC invocations=10 (full 0):
 PSYoungGen      total 453120K, used 2086K [0x00000000d5d80000, 0x00000000f3b80000, 0x0000000100000000)
  eden space 418304K, 0% used [0x00000000d5d80000,0x00000000d5d80000,0x00000000ef600000)
  from space 34816K, 5% used [0x00000000f1880000,0x00000000f1a89a30,0x00000000f3a80000)
  to   space 35328K, 0% used [0x00000000ef600000,0x00000000ef600000,0x00000000f1880000)
 ParOldGen       total 87552K, used 34527K [0x0000000081800000, 0x0000000086d80000, 0x00000000d5d80000)
  object space 87552K, 39% used [0x0000000081800000,0x00000000839b7fe0,0x0000000086d80000)
 Metaspace       used 21027K, capacity 21166K, committed 21296K, reserved 1069056K
  class space    used 2582K, capacity 2640K, committed 2688K, reserved 1048576K
}
Event: 29.102 GC heap before
{Heap before GC invocations=11 (full 1):
 PSYoungGen      total 453120K, used 2086K [0x00000000d5d80000, 0x00000000f3b80000, 0x0000000100000000)
  eden space 418304K, 0% used [0x00000000d5d80000,0x00000000d5d80000,0x00000000ef600000)
  from space 34816K, 5% used [0x00000000f1880000,0x00000000f1a89a30,0x00000000f3a80000)
  to   space 35328K, 0% used [0x00000000ef600000,0x00000000ef600000,0x00000000f1880000)
 ParOldGen       total 87552K, used 34527K [0x0000000081800000, 0x0000000086d80000, 0x00000000d5d80000)
  object space 87552K, 39% used [0x0000000081800000,0x00000000839b7fe0,0x0000000086d80000)
 Metaspace       used 21027K, capacity 21166K, committed 21296K, reserved 1069056K
  class space    used 2582K, capacity 2640K, committed 2688K, reserved 1048576K
Event: 29.195 GC heap after
Heap after GC invocations=11 (full 1):
 PSYoungGen      total 453120K, used 0K [0x00000000d5d80000, 0x00000000f3b80000, 0x0000000100000000)
  eden space 418304K, 0% used [0x00000000d5d80000,0x00000000d5d80000,0x00000000ef600000)
  from space 34816K, 0% used [0x00000000f1880000,0x00000000f1880000,0x00000000f3a80000)
  to   space 35328K, 0% used [0x00000000ef600000,0x00000000ef600000,0x00000000f1880000)
 ParOldGen       total 53760K, used 4876K [0x0000000081800000, 0x0000000084c80000, 0x00000000d5d80000)
  object space 53760K, 9% used [0x0000000081800000,0x0000000081cc33f0,0x0000000084c80000)
 Metaspace       used 21027K, capacity 21166K, committed 21296K, reserved 1069056K
  class space    used 2582K, capacity 2640K, committed 2688K, reserved 1048576K
}

